=== puma startup: 2026-04-07 17:20:13 +0200 ===
bundler: failed to load command: puma (/opt/homebrew/lib/ruby/gems/3.4.0/bin/puma)
/opt/homebrew/lib/ruby/gems/3.4.0/gems/puma-7.2.0/lib/puma/launcher.rb:328:in 'IO.write': No such file or directory @ rb_sysopen - tmp/pids/puma.pid (Errno::ENOENT)
	from /opt/homebrew/lib/ruby/gems/3.4.0/gems/puma-7.2.0/lib/puma/launcher.rb:328:in 'Puma::Launcher#write_pid'
	from /opt/homebrew/lib/ruby/gems/3.4.0/gems/puma-7.2.0/lib/puma/launcher.rb:125:in 'Puma::Launcher#write_state'
	from /opt/homebrew/lib/ruby/gems/3.4.0/gems/puma-7.2.0/lib/puma/cluster.rb:430:in 'Puma::Cluster#run'
	from /opt/homebrew/lib/ruby/gems/3.4.0/gems/puma-7.2.0/lib/puma/launcher.rb:208:in 'Puma::Launcher#run'
	from /opt/homebrew/lib/ruby/gems/3.4.0/gems/puma-7.2.0/lib/puma/cli.rb:73:in 'Puma::CLI#run'
	from /opt/homebrew/lib/ruby/gems/3.4.0/gems/puma-7.2.0/bin/puma:10:in '<top (required)>'
	from /opt/homebrew/lib/ruby/site_ruby/3.4.0/rubygems.rb:304:in 'Kernel#load'
	from /opt/homebrew/lib/ruby/site_ruby/3.4.0/rubygems.rb:304:in 'Gem.activate_and_load_bin_path'
	from /opt/homebrew/lib/ruby/gems/3.4.0/bin/puma:25:in '<top (required)>'
	from /opt/homebrew/lib/ruby/gems/3.4.0/gems/bundler-4.0.7/lib/bundler/cli/exec.rb:61:in 'Kernel.load'
	from /opt/homebrew/lib/ruby/gems/3.4.0/gems/bundler-4.0.7/lib/bundler/cli/exec.rb:61:in 'Bundler::CLI::Exec#kernel_load'
	from /opt/homebrew/lib/ruby/gems/3.4.0/gems/bundler-4.0.7/lib/bundler/cli/exec.rb:24:in 'Bundler::CLI::Exec#run'
	from /opt/homebrew/lib/ruby/gems/3.4.0/gems/bundler-4.0.7/lib/bundler/cli.rb:504:in 'Bundler::CLI#exec'
	from /opt/homebrew/lib/ruby/gems/3.4.0/gems/bundler-4.0.7/lib/bundler/vendor/thor/lib/thor/command.rb:28:in 'Bundler::Thor::Command#run'
	from /opt/homebrew/lib/ruby/gems/3.4.0/gems/bundler-4.0.7/lib/bundler/vendor/thor/lib/thor/invocation.rb:127:in 'Bundler::Thor::Invocation#invoke_command'
	from /opt/homebrew/lib/ruby/gems/3.4.0/gems/bundler-4.0.7/lib/bundler/vendor/thor/lib/thor.rb:538:in 'Bundler::Thor.dispatch'
	from /opt/homebrew/lib/ruby/gems/3.4.0/gems/bundler-4.0.7/lib/bundler/cli.rb:35:in 'Bundler::CLI.dispatch'
	from /opt/homebrew/lib/ruby/gems/3.4.0/gems/bundler-4.0.7/lib/bundler/vendor/thor/lib/thor/base.rb:584:in 'Bundler::Thor::Base::ClassMethods#start'
	from /opt/homebrew/lib/ruby/gems/3.4.0/gems/bundler-4.0.7/lib/bundler/cli.rb:29:in 'Bundler::CLI.start'
	from /opt/homebrew/lib/ruby/gems/3.4.0/gems/bundler-4.0.7/exe/bundle:28:in 'block in <top (required)>'
	from /opt/homebrew/lib/ruby/gems/3.4.0/gems/bundler-4.0.7/lib/bundler/friendly_errors.rb:118:in 'Bundler.with_friendly_errors'
	from /opt/homebrew/lib/ruby/gems/3.4.0/gems/bundler-4.0.7/exe/bundle:20:in '<top (required)>'
	from /opt/homebrew/lib/ruby/site_ruby/3.4.0/rubygems.rb:304:in 'Kernel#load'
	from /opt/homebrew/lib/ruby/site_ruby/3.4.0/rubygems.rb:304:in 'Gem.activate_and_load_bin_path'
	from /opt/homebrew/opt/ruby/bin/bundle:25:in '<main>'
=== puma startup: 2026-04-07 17:24:46 +0200 ===
bundler: failed to load command: puma (/opt/homebrew/lib/ruby/gems/3.4.0/bin/puma)
/opt/homebrew/lib/ruby/gems/3.4.0/gems/puma-7.2.0/lib/puma/launcher.rb:328:in 'IO.write': No such file or directory @ rb_sysopen - tmp/pids/puma.pid (Errno::ENOENT)
	from /opt/homebrew/lib/ruby/gems/3.4.0/gems/puma-7.2.0/lib/puma/launcher.rb:328:in 'Puma::Launcher#write_pid'
	from /opt/homebrew/lib/ruby/gems/3.4.0/gems/puma-7.2.0/lib/puma/launcher.rb:125:in 'Puma::Launcher#write_state'
	from /opt/homebrew/lib/ruby/gems/3.4.0/gems/puma-7.2.0/lib/puma/cluster.rb:430:in 'Puma::Cluster#run'
	from /opt/homebrew/lib/ruby/gems/3.4.0/gems/puma-7.2.0/lib/puma/launcher.rb:208:in 'Puma::Launcher#run'
	from /opt/homebrew/lib/ruby/gems/3.4.0/gems/puma-7.2.0/lib/puma/cli.rb:73:in 'Puma::CLI#run'
	from /opt/homebrew/lib/ruby/gems/3.4.0/gems/puma-7.2.0/bin/puma:10:in '<top (required)>'
	from /opt/homebrew/lib/ruby/site_ruby/3.4.0/rubygems.rb:304:in 'Kernel#load'
	from /opt/homebrew/lib/ruby/site_ruby/3.4.0/rubygems.rb:304:in 'Gem.activate_and_load_bin_path'
	from /opt/homebrew/lib/ruby/gems/3.4.0/bin/puma:25:in '<top (required)>'
	from /opt/homebrew/lib/ruby/gems/3.4.0/gems/bundler-4.0.7/lib/bundler/cli/exec.rb:61:in 'Kernel.load'
	from /opt/homebrew/lib/ruby/gems/3.4.0/gems/bundler-4.0.7/lib/bundler/cli/exec.rb:61:in 'Bundler::CLI::Exec#kernel_load'
	from /opt/homebrew/lib/ruby/gems/3.4.0/gems/bundler-4.0.7/lib/bundler/cli/exec.rb:24:in 'Bundler::CLI::Exec#run'
	from /opt/homebrew/lib/ruby/gems/3.4.0/gems/bundler-4.0.7/lib/bundler/cli.rb:504:in 'Bundler::CLI#exec'
	from /opt/homebrew/lib/ruby/gems/3.4.0/gems/bundler-4.0.7/lib/bundler/vendor/thor/lib/thor/command.rb:28:in 'Bundler::Thor::Command#run'
	from /opt/homebrew/lib/ruby/gems/3.4.0/gems/bundler-4.0.7/lib/bundler/vendor/thor/lib/thor/invocation.rb:127:in 'Bundler::Thor::Invocation#invoke_command'
	from /opt/homebrew/lib/ruby/gems/3.4.0/gems/bundler-4.0.7/lib/bundler/vendor/thor/lib/thor.rb:538:in 'Bundler::Thor.dispatch'
	from /opt/homebrew/lib/ruby/gems/3.4.0/gems/bundler-4.0.7/lib/bundler/cli.rb:35:in 'Bundler::CLI.dispatch'
	from /opt/homebrew/lib/ruby/gems/3.4.0/gems/bundler-4.0.7/lib/bundler/vendor/thor/lib/thor/base.rb:584:in 'Bundler::Thor::Base::ClassMethods#start'
	from /opt/homebrew/lib/ruby/gems/3.4.0/gems/bundler-4.0.7/lib/bundler/cli.rb:29:in 'Bundler::CLI.start'
	from /opt/homebrew/lib/ruby/gems/3.4.0/gems/bundler-4.0.7/exe/bundle:28:in 'block in <top (required)>'
	from /opt/homebrew/lib/ruby/gems/3.4.0/gems/bundler-4.0.7/lib/bundler/friendly_errors.rb:118:in 'Bundler.with_friendly_errors'
	from /opt/homebrew/lib/ruby/gems/3.4.0/gems/bundler-4.0.7/exe/bundle:20:in '<top (required)>'
	from /opt/homebrew/lib/ruby/site_ruby/3.4.0/rubygems.rb:304:in 'Kernel#load'
	from /opt/homebrew/lib/ruby/site_ruby/3.4.0/rubygems.rb:304:in 'Gem.activate_and_load_bin_path'
	from /opt/homebrew/opt/ruby/bin/bundle:25:in '<main>'
=== puma startup: 2026-04-07 17:29:21 +0200 ===
bundler: failed to load command: puma (/opt/homebrew/lib/ruby/gems/3.4.0/bin/puma)
/opt/homebrew/lib/ruby/gems/3.4.0/gems/puma-7.2.0/lib/puma/launcher.rb:328:in 'IO.write': No such file or directory @ rb_sysopen - tmp/pids/puma.pid (Errno::ENOENT)
	from /opt/homebrew/lib/ruby/gems/3.4.0/gems/puma-7.2.0/lib/puma/launcher.rb:328:in 'Puma::Launcher#write_pid'
	from /opt/homebrew/lib/ruby/gems/3.4.0/gems/puma-7.2.0/lib/puma/launcher.rb:125:in 'Puma::Launcher#write_state'
	from /opt/homebrew/lib/ruby/gems/3.4.0/gems/puma-7.2.0/lib/puma/cluster.rb:430:in 'Puma::Cluster#run'
	from /opt/homebrew/lib/ruby/gems/3.4.0/gems/puma-7.2.0/lib/puma/launcher.rb:208:in 'Puma::Launcher#run'
	from /opt/homebrew/lib/ruby/gems/3.4.0/gems/puma-7.2.0/lib/puma/cli.rb:73:in 'Puma::CLI#run'
	from /opt/homebrew/lib/ruby/gems/3.4.0/gems/puma-7.2.0/bin/puma:10:in '<top (required)>'
	from /opt/homebrew/lib/ruby/site_ruby/3.4.0/rubygems.rb:304:in 'Kernel#load'
	from /opt/homebrew/lib/ruby/site_ruby/3.4.0/rubygems.rb:304:in 'Gem.activate_and_load_bin_path'
	from /opt/homebrew/lib/ruby/gems/3.4.0/bin/puma:25:in '<top (required)>'
	from /opt/homebrew/lib/ruby/gems/3.4.0/gems/bundler-4.0.7/lib/bundler/cli/exec.rb:61:in 'Kernel.load'
	from /opt/homebrew/lib/ruby/gems/3.4.0/gems/bundler-4.0.7/lib/bundler/cli/exec.rb:61:in 'Bundler::CLI::Exec#kernel_load'
	from /opt/homebrew/lib/ruby/gems/3.4.0/gems/bundler-4.0.7/lib/bundler/cli/exec.rb:24:in 'Bundler::CLI::Exec#run'
	from /opt/homebrew/lib/ruby/gems/3.4.0/gems/bundler-4.0.7/lib/bundler/cli.rb:504:in 'Bundler::CLI#exec'
	from /opt/homebrew/lib/ruby/gems/3.4.0/gems/bundler-4.0.7/lib/bundler/vendor/thor/lib/thor/command.rb:28:in 'Bundler::Thor::Command#run'
	from /opt/homebrew/lib/ruby/gems/3.4.0/gems/bundler-4.0.7/lib/bundler/vendor/thor/lib/thor/invocation.rb:127:in 'Bundler::Thor::Invocation#invoke_command'
	from /opt/homebrew/lib/ruby/gems/3.4.0/gems/bundler-4.0.7/lib/bundler/vendor/thor/lib/thor.rb:538:in 'Bundler::Thor.dispatch'
	from /opt/homebrew/lib/ruby/gems/3.4.0/gems/bundler-4.0.7/lib/bundler/cli.rb:35:in 'Bundler::CLI.dispatch'
	from /opt/homebrew/lib/ruby/gems/3.4.0/gems/bundler-4.0.7/lib/bundler/vendor/thor/lib/thor/base.rb:584:in 'Bundler::Thor::Base::ClassMethods#start'
	from /opt/homebrew/lib/ruby/gems/3.4.0/gems/bundler-4.0.7/lib/bundler/cli.rb:29:in 'Bundler::CLI.start'
	from /opt/homebrew/lib/ruby/gems/3.4.0/gems/bundler-4.0.7/exe/bundle:28:in 'block in <top (required)>'
	from /opt/homebrew/lib/ruby/gems/3.4.0/gems/bundler-4.0.7/lib/bundler/friendly_errors.rb:118:in 'Bundler.with_friendly_errors'
	from /opt/homebrew/lib/ruby/gems/3.4.0/gems/bundler-4.0.7/exe/bundle:20:in '<top (required)>'
	from /opt/homebrew/lib/ruby/site_ruby/3.4.0/rubygems.rb:304:in 'Kernel#load'
	from /opt/homebrew/lib/ruby/site_ruby/3.4.0/rubygems.rb:304:in 'Gem.activate_and_load_bin_path'
	from /opt/homebrew/opt/ruby/bin/bundle:25:in '<main>'
=== puma startup: 2026-04-07 17:36:40 +0200 ===
bundler: failed to load command: puma (/opt/homebrew/lib/ruby/gems/3.4.0/bin/puma)
/opt/homebrew/lib/ruby/gems/3.4.0/gems/puma-7.2.0/lib/puma/launcher.rb:328:in 'IO.write': No such file or directory @ rb_sysopen - tmp/pids/puma.pid (Errno::ENOENT)
	from /opt/homebrew/lib/ruby/gems/3.4.0/gems/puma-7.2.0/lib/puma/launcher.rb:328:in 'Puma::Launcher#write_pid'
	from /opt/homebrew/lib/ruby/gems/3.4.0/gems/puma-7.2.0/lib/puma/launcher.rb:125:in 'Puma::Launcher#write_state'
	from /opt/homebrew/lib/ruby/gems/3.4.0/gems/puma-7.2.0/lib/puma/cluster.rb:430:in 'Puma::Cluster#run'
	from /opt/homebrew/lib/ruby/gems/3.4.0/gems/puma-7.2.0/lib/puma/launcher.rb:208:in 'Puma::Launcher#run'
	from /opt/homebrew/lib/ruby/gems/3.4.0/gems/puma-7.2.0/lib/puma/cli.rb:73:in 'Puma::CLI#run'
	from /opt/homebrew/lib/ruby/gems/3.4.0/gems/puma-7.2.0/bin/puma:10:in '<top (required)>'
	from /opt/homebrew/lib/ruby/site_ruby/3.4.0/rubygems.rb:304:in 'Kernel#load'
	from /opt/homebrew/lib/ruby/site_ruby/3.4.0/rubygems.rb:304:in 'Gem.activate_and_load_bin_path'
	from /opt/homebrew/lib/ruby/gems/3.4.0/bin/puma:25:in '<top (required)>'
	from /opt/homebrew/lib/ruby/gems/3.4.0/gems/bundler-4.0.7/lib/bundler/cli/exec.rb:61:in 'Kernel.load'
	from /opt/homebrew/lib/ruby/gems/3.4.0/gems/bundler-4.0.7/lib/bundler/cli/exec.rb:61:in 'Bundler::CLI::Exec#kernel_load'
	from /opt/homebrew/lib/ruby/gems/3.4.0/gems/bundler-4.0.7/lib/bundler/cli/exec.rb:24:in 'Bundler::CLI::Exec#run'
	from /opt/homebrew/lib/ruby/gems/3.4.0/gems/bundler-4.0.7/lib/bundler/cli.rb:504:in 'Bundler::CLI#exec'
	from /opt/homebrew/lib/ruby/gems/3.4.0/gems/bundler-4.0.7/lib/bundler/vendor/thor/lib/thor/command.rb:28:in 'Bundler::Thor::Command#run'
	from /opt/homebrew/lib/ruby/gems/3.4.0/gems/bundler-4.0.7/lib/bundler/vendor/thor/lib/thor/invocation.rb:127:in 'Bundler::Thor::Invocation#invoke_command'
	from /opt/homebrew/lib/ruby/gems/3.4.0/gems/bundler-4.0.7/lib/bundler/vendor/thor/lib/thor.rb:538:in 'Bundler::Thor.dispatch'
	from /opt/homebrew/lib/ruby/gems/3.4.0/gems/bundler-4.0.7/lib/bundler/cli.rb:35:in 'Bundler::CLI.dispatch'
	from /opt/homebrew/lib/ruby/gems/3.4.0/gems/bundler-4.0.7/lib/bundler/vendor/thor/lib/thor/base.rb:584:in 'Bundler::Thor::Base::ClassMethods#start'
	from /opt/homebrew/lib/ruby/gems/3.4.0/gems/bundler-4.0.7/lib/bundler/cli.rb:29:in 'Bundler::CLI.start'
	from /opt/homebrew/lib/ruby/gems/3.4.0/gems/bundler-4.0.7/exe/bundle:28:in 'block in <top (required)>'
	from /opt/homebrew/lib/ruby/gems/3.4.0/gems/bundler-4.0.7/lib/bundler/friendly_errors.rb:118:in 'Bundler.with_friendly_errors'
	from /opt/homebrew/lib/ruby/gems/3.4.0/gems/bundler-4.0.7/exe/bundle:20:in '<top (required)>'
	from /opt/homebrew/lib/ruby/site_ruby/3.4.0/rubygems.rb:304:in 'Kernel#load'
	from /opt/homebrew/lib/ruby/site_ruby/3.4.0/rubygems.rb:304:in 'Gem.activate_and_load_bin_path'
	from /opt/homebrew/opt/ruby/bin/bundle:25:in '<main>'
=== puma startup: 2026-04-07 17:40:31 +0200 ===
=== puma startup: 2026-04-07 18:07:32 +0200 ===
140.82.115.115 - - [07/Apr/2026:18:08:01 +0200] "POST /github_webhook HTTP/1.1" 200 - 0.0075
104.28.165.5 - - [07/Apr/2026:18:08:22 +0200] "GET /notion_request HTTP/1.1" 404 - 0.0036
104.28.165.5 - - [07/Apr/2026:18:08:23 +0200] "GET /favicon.ico HTTP/1.1" 200 - 0.0016
=== puma startup: 2026-04-07 18:09:07 +0200 ===
